0 info it worked if it ends with ok
1 verbose cli [ 'D:\\Program Files (x86)\\nodejs\\6.9.1\\node.exe',
1 verbose cli   'D:\\Program Files (x86)\\npm\\3.10.8\\node_modules\\npm\\bin\\npm-cli.js',
1 verbose cli   'run',
1 verbose cli   'azure-publish' ]
2 info using npm@3.10.8
3 info using node@v6.9.1
4 verbose run-script [ 'preazure-publish', 'azure-publish', 'postazure-publish' ]
5 info lifecycle QnABot@1.0.0~preazure-publish: QnABot@1.0.0
6 silly lifecycle QnABot@1.0.0~preazure-publish: no script for preazure-publish, continuing
7 info lifecycle QnABot@1.0.0~azure-publish: QnABot@1.0.0
8 verbose lifecycle QnABot@1.0.0~azure-publish: unsafe-perm in lifecycle true
9 verbose lifecycle QnABot@1.0.0~azure-publish: PATH: D:\Program Files (x86)\npm\3.10.8\node_modules\npm\bin\node-gyp-bin;D:\home\site\wwwroot\node_modules\.bin;D:\home\site\deployments\tools;D:\Program Files (x86)\SiteExtensions\Kudu\75.10629.3460\bin\Scripts;D:\Program Files (x86)\MSBuild\14.0\Bin;D:\Program Files\Git\cmd;D:\Program Files (x86)\Microsoft Visual Studio 11.0\Common7\IDE\CommonExtensions\Microsoft\TestWindow;D:\Program Files (x86)\Microsoft SQL Server\110\Tools\Binn;D:\Program Files (x86)\Microsoft SDKs\F#\3.1\Framework\v4.0;D:\Program Files\Git\bin;D:\Program Files\Git\usr\bin;D:\Program Files\Git\mingw64\bin;D:\Program Files (x86)\npm\3.10.8;C:\DWASFiles\Sites\#1brotherbot\AppData\npm;D:\Program Files (x86)\bower\1.7.9;D:\Program Files (x86)\grunt\0.1.13;D:\Program Files (x86)\gulp\3.9.0.1;D:\Program Files (x86)\funcpack\1.0.0;D:\Program Files (x86)\nodejs\6.9.1;D:\Windows\system32;D:\Windows;D:\Windows\System32\Wbem;D:\Windows\System32\WindowsPowerShell\v1.0\;D:\Users\Administrator\AppData\Local\Microsoft\WindowsApps;;D:\Program Files (x86)\dotnet;D:\Program Files\Git\cmd;D:\Windows\system32\config\systemprofile\AppData\Local\Microsoft\WindowsApps;D:\Program Files (x86)\PHP\v5.6;D:\Python27;
10 verbose lifecycle QnABot@1.0.0~azure-publish: CWD: D:\home\site\wwwroot
11 silly lifecycle QnABot@1.0.0~azure-publish: Args: [ '/d /s /c', 'node publish.js' ]
12 silly lifecycle QnABot@1.0.0~azure-publish: Returned: code: 1  signal: null
13 info lifecycle QnABot@1.0.0~azure-publish: Failed to exec azure-publish script
14 verbose stack Error: QnABot@1.0.0 azure-publish: `node publish.js`
14 verbose stack Exit status 1
14 verbose stack     at EventEmitter.<anonymous> (D:\Program Files (x86)\npm\3.10.8\node_modules\npm\lib\utils\lifecycle.js:255:16)
14 verbose stack     at emitTwo (events.js:106:13)
14 verbose stack     at EventEmitter.emit (events.js:191:7)
14 verbose stack     at ChildProcess.<anonymous> (D:\Program Files (x86)\npm\3.10.8\node_modules\npm\lib\utils\spawn.js:40:14)
14 verbose stack     at emitTwo (events.js:106:13)
14 verbose stack     at ChildProcess.emit (events.js:191:7)
14 verbose stack     at maybeClose (internal/child_process.js:877:16)
14 verbose stack     at Process.ChildProcess._handle.onexit (internal/child_process.js:226:5)
15 verbose pkgid QnABot@1.0.0
16 verbose cwd D:\home\site\wwwroot
17 error Windows_NT 10.0.14393
18 error argv "D:\\Program Files (x86)\\nodejs\\6.9.1\\node.exe" "D:\\Program Files (x86)\\npm\\3.10.8\\node_modules\\npm\\bin\\npm-cli.js" "run" "azure-publish"
19 error node v6.9.1
20 error npm  v3.10.8
21 error code ELIFECYCLE
22 error QnABot@1.0.0 azure-publish: `node publish.js`
22 error Exit status 1
23 error Failed at the QnABot@1.0.0 azure-publish script 'node publish.js'.
23 error Make sure you have the latest version of node.js and npm installed.
23 error If you do, this is most likely a problem with the QnABot package,
23 error not with npm itself.
23 error Tell the author that this fails on your system:
23 error     node publish.js
23 error You can get information on how to open an issue for this project with:
23 error     npm bugs QnABot
23 error Or if that isn't available, you can get their info via:
23 error     npm owner ls QnABot
23 error There is likely additional logging output above.
24 verbose exit [ 1, true ]
